# JRE version: OpenJDK Runtime Environment (11.0.13) (build 11.0.13+0-b1751.21-8125866)
# Java VM: OpenJDK 64-Bit Server VM (11.0.13+0-b1751.21-8125866, mixed mode, tiered, compressed oops, g1 gc, windows-amd64)
Heap:
 garbage-first heap   total 700416K, used 328704K [0x0000000080000000, 0x0000000100000000)
  region size 1024K, 3 young (3072K), 3 survivors (3072K)
 Metaspace       used 331742K, capacity 339564K, committed 341460K, reserved 1347584K
  class space    used 38828K, capacity 41444K, committed 42624K, reserved 1048576K
GC Heap History (20 events):
Event: 3132.221 GC heap after
{Heap after GC invocations=279 (full 0):
 garbage-first heap   total 312320K, used 237759K [0x0000000080000000, 0x0000000100000000)
  region size 1024K, 1 young (1024K), 1 survivors (1024K)
 Metaspace       used 331023K, capacity 338829K, committed 340948K, reserved 1347584K
  class space    used 38800K, capacity 41405K, committed 42624K, reserved 1048576K
}
Event: 3132.474 GC heap before
{Heap before GC invocations=279 (full 0):
 garbage-first heap   total 312320K, used 268479K [0x0000000080000000, 0x0000000100000000)
  region size 1024K, 32 young (32768K), 1 survivors (1024K)
 Metaspace       used 331167K, capacity 338950K, committed 340948K, reserved 1347584K
  class space    used 38804K, capacity 41412K, committed 42624K, reserved 1048576K
}
Event: 3132.478 GC heap after
{Heap after GC invocations=280 (full 0):
 garbage-first heap   total 312320K, used 238054K [0x0000000080000000, 0x0000000100000000)
  region size 1024K, 2 young (2048K), 2 survivors (2048K)
 Metaspace       used 331167K, capacity 338950K, committed 340948K, reserved 1347584K
  class space    used 38804K, capacity 41412K, committed 42624K, reserved 1048576K
}
Event: 3132.621 GC heap before
{Heap before GC invocations=280 (full 0):
 garbage-first heap   total 312320K, used 309734K [0x0000000080000000, 0x0000000100000000)
  region size 1024K, 25 young (25600K), 2 survivors (2048K)
 Metaspace       used 331202K, capacity 339015K, committed 340948K, reserved 1347584K
  class space    used 38804K, capacity 41412K, committed 42624K, reserved 1048576K
}
Event: 3132.627 GC heap after
{Heap after GC invocations=281 (full 0):
 garbage-first heap   total 324608K, used 277690K [0x0000000080000000, 0x0000000100000000)
  region size 1024K, 5 young (5120K), 5 survivors (5120K)
 Metaspace       used 331202K, capacity 339015K, committed 340948K, reserved 1347584K
  class space    used 38804K, capacity 41412K, committed 42624K, reserved 1048576K
}
Event: 3132.716 GC heap before
{Heap before GC invocations=281 (full 0):
 garbage-first heap   total 324608K, used 286906K [0x0000000080000000, 0x0000000100000000)
  region size 1024K, 15 young (15360K), 5 survivors (5120K)
 Metaspace       used 331218K, capacity 339016K, committed 340948K, reserved 1347584K
  class space    used 38804K, capacity 41412K, committed 42624K, reserved 1048576K
}
Event: 3132.727 GC heap after
{Heap after GC invocations=282 (full 0):
 garbage-first heap   total 324608K, used 281574K [0x0000000080000000, 0x0000000100000000)
  region size 1024K, 2 young (2048K), 2 survivors (2048K)
 Metaspace       used 331218K, capacity 339016K, committed 340948K, reserved 1347584K
  class space    used 38804K, capacity 41412K, committed 42624K, reserved 1048576K
}
Event: 3132.806 GC heap before
{Heap before GC invocations=283 (full 0):
 garbage-first heap   total 324608K, used 293862K [0x0000000080000000, 0x0000000100000000)
  region size 1024K, 15 young (15360K), 2 survivors (2048K)
 Metaspace       used 331218K, capacity 339016K, committed 340948K, reserved 1347584K
  class space    used 38804K, capacity 41412K, committed 42624K, reserved 1048576K
}
Event: 3132.814 GC heap after
{Heap after GC invocations=284 (full 0):
 garbage-first heap   total 324608K, used 287137K [0x0000000080000000, 0x0000000100000000)
  region size 1024K, 2 young (2048K), 2 survivors (2048K)
 Metaspace       used 331218K, capacity 339016K, committed 340948K, reserved 1347584K
  class space    used 38804K, capacity 41412K, committed 42624K, reserved 1048576K
}
Event: 3132.884 GC heap before
{Heap before GC invocations=284 (full 0):
 garbage-first heap   total 324608K, used 301473K [0x0000000080000000, 0x0000000100000000)
  region size 1024K, 15 young (15360K), 2 survivors (2048K)
 Metaspace       used 331218K, capacity 339016K, committed 340948K, reserved 1347584K
  class space    used 38804K, capacity 41412K, committed 42624K, reserved 1048576K
}
Event: 3132.894 GC heap after
{Heap after GC invocations=285 (full 0):
 garbage-first heap   total 324608K, used 293536K [0x0000000080000000, 0x0000000100000000)
  region size 1024K, 2 young (2048K), 2 survivors (2048K)
 Metaspace       used 331218K, capacity 339016K, committed 340948K, reserved 1347584K
  class space    used 38804K, capacity 41412K, committed 42624K, reserved 1048576K
}
Event: 3132.908 GC heap before
{Heap before GC invocations=285 (full 0):
 garbage-first heap   total 324608K, used 295584K [0x0000000080000000, 0x0000000100000000)
  region size 1024K, 5 young (5120K), 2 survivors (2048K)
 Metaspace       used 331218K, capacity 339016K, committed 340948K, reserved 1347584K
  class space    used 38804K, capacity 41412K, committed 42624K, reserved 1048576K
}
Event: 3132.929 GC heap after
{Heap after GC invocations=286 (full 0):
 garbage-first heap   total 398336K, used 294924K [0x0000000080000000, 0x0000000100000000)
  region size 1024K, 2 young (2048K), 2 survivors (2048K)
 Metaspace       used 331218K, capacity 339016K, committed 340948K, reserved 1347584K
  class space    used 38804K, capacity 41412K, committed 42624K, reserved 1048576K
}
Event: 3133.028 GC heap before
{Heap before GC invocations=286 (full 0):
 garbage-first heap   total 398336K, used 319500K [0x0000000080000000, 0x0000000100000000)
  region size 1024K, 26 young (26624K), 2 survivors (2048K)
 Metaspace       used 331365K, capacity 339144K, committed 341204K, reserved 1347584K
  class space    used 38814K, capacity 41412K, committed 42624K, reserved 1048576K
}
Event: 3133.037 GC heap after
{Heap after GC invocations=287 (full 0):
 garbage-first heap   total 398336K, used 301934K [0x0000000080000000, 0x0000000100000000)
  region size 1024K, 4 young (4096K), 4 survivors (4096K)
 Metaspace       used 331365K, capacity 339144K, committed 341204K, reserved 1347584K
  class space    used 38814K, capacity 41412K, committed 42624K, reserved 1048576K
}
Event: 3133.141 GC heap before
{Heap before GC invocations=287 (full 0):
 garbage-first heap   total 398336K, used 325486K [0x0000000080000000, 0x0000000100000000)
  region size 1024K, 27 young (27648K), 4 survivors (4096K)
 Metaspace       used 331687K, capacity 339499K, committed 341460K, reserved 1347584K
  class space    used 38828K, capacity 41444K, committed 42624K, reserved 1048576K
}
Event: 3133.154 GC heap after
{Heap after GC invocations=288 (full 0):
 garbage-first heap   total 398336K, used 310830K [0x0000000080000000, 0x0000000100000000)
  region size 1024K, 4 young (4096K), 4 survivors (4096K)
 Metaspace       used 331687K, capacity 339499K, committed 341460K, reserved 1347584K
  class space    used 38828K, capacity 41444K, committed 42624K, reserved 1048576K
}
Event: 3133.197 GC heap before
{Heap before GC invocations=288 (full 0):
 garbage-first heap   total 398336K, used 332334K [0x0000000080000000, 0x0000000100000000)
  region size 1024K, 25 young (25600K), 4 survivors (4096K)
 Metaspace       used 331713K, capacity 339499K, committed 341460K, reserved 1347584K
  class space    used 38828K, capacity 41444K, committed 42624K, reserved 1048576K
}
Event: 3133.209 GC heap after
{Heap after GC invocations=289 (full 0):
 garbage-first heap   total 398336K, used 319743K [0x0000000080000000, 0x0000000100000000)
  region size 1024K, 4 young (4096K), 4 survivors (4096K)
 Metaspace       used 331713K, capacity 339499K, committed 341460K, reserved 1347584K
  class space    used 38828K, capacity 41444K, committed 42624K, reserved 1048576K
}
Event: 3133.235 GC heap before
{Heap before GC invocations=289 (full 0):
 garbage-first heap   total 398336K, used 336127K [0x0000000080000000, 0x0000000100000000)
  region size 1024K, 21 young (21504K), 4 survivors (4096K)
 Metaspace       used 331742K, capacity 339564K, committed 341460K, reserved 1347584K
  class space    used 38828K, capacity 41444K, committed 42624K, reserved 1048576K
}

